C:\USERS\ADMINISTRATOR\DOCUMENTS\VISUAL STUDIO 2012\PROJECTS\MYNETWORKDISK\MYNETWORKDISK\DEBUG\MYNETWORKDISK.PCH
C:\USERS\ADMINISTRATOR\DOCUMENTS\VISUAL STUDIO 2012\PROJECTS\MYNETWORKDISK\MYNETWORKDISK\DEBUG\STDAFX.OBJ
C:\USERS\ADMINISTRATOR\DOCUMENTS\VISUAL STUDIO 2012\PROJECTS\MYNETWORKDISK\MYNETWORKDISK\DEBUG\VC110.PDB
C:\USERS\ADMINISTRATOR\DOCUMENTS\VISUAL STUDIO 2012\PROJECTS\MYNETWORKDISK\MYNETWORKDISK\DEBUG\THREADPOOL.OBJ
C:\USERS\ADMINISTRATOR\DOCUMENTS\VISUAL STUDIO 2012\PROJECTS\MYNETWORKDISK\MYNETWORKDISK\DEBUG\FRIENDLIST.OBJ
C:\USERS\ADMINISTRATOR\DOCUMENTS\VISUAL STUDIO 2012\PROJECTS\MYNETWORKDISK\MYNETWORKDISK\DEBUG\IOFILESTREAM.OBJ
C:\USERS\ADMINISTRATOR\DOCUMENTS\VISUAL STUDIO 2012\PROJECTS\MYNETWORKDISK\MYNETWORKDISK\DEBUG\MYCHATDLG.OBJ
C:\USERS\ADMINISTRATOR\DOCUMENTS\VISUAL STUDIO 2012\PROJECTS\MYNETWORKDISK\MYNETWORKDISK\DEBUG\MYFRIENDSDLG.OBJ
C:\USERS\ADMINISTRATOR\DOCUMENTS\VISUAL STUDIO 2012\PROJECTS\MYNETWORKDISK\MYNETWORKDISK\DEBUG\MYFRIENDSEARCHDLG.OBJ
C:\USERS\ADMINISTRATOR\DOCUMENTS\VISUAL STUDIO 2012\PROJECTS\MYNETWORKDISK\MYNETWORKDISK\DEBUG\MYMAINDLG.OBJ
C:\USERS\ADMINISTRATOR\DOCUMENTS\VISUAL STUDIO 2012\PROJECTS\MYNETWORKDISK\MYNETWORKDISK\DEBUG\MYNETWORKDISK.OBJ
C:\USERS\ADMINISTRATOR\DOCUMENTS\VISUAL STUDIO 2012\PROJECTS\MYNETWORKDISK\MYNETWORKDISK\DEBUG\MYNETWORKDISKDLG.OBJ
C:\USERS\ADMINISTRATOR\DOCUMENTS\VISUAL STUDIO 2012\PROJECTS\MYNETWORKDISK\MYNETWORKDISK\DEBUG\MYNEWDIRECTORYDLG.OBJ
C:\USERS\ADMINISTRATOR\DOCUMENTS\VISUAL STUDIO 2012\PROJECTS\MYNETWORKDISK\MYNETWORKDISK\DEBUG\MYREGISTERDLG.OBJ
C:\USERS\ADMINISTRATOR\DOCUMENTS\VISUAL STUDIO 2012\PROJECTS\MYNETWORKDISK\MYNETWORKDISK\DEBUG\MYTOOLS.OBJ
C:\USERS\ADMINISTRATOR\DOCUMENTS\VISUAL STUDIO 2012\PROJECTS\MYNETWORKDISK\MYNETWORKDISK\DEBUG\MYTRANSFERDLG.OBJ
C:\USERS\ADMINISTRATOR\DOCUMENTS\VISUAL STUDIO 2012\PROJECTS\MYNETWORKDISK\MYNETWORKDISK\DEBUG\MYTRANSFERDOWNLOADDLG.OBJ
C:\USERS\ADMINISTRATOR\DOCUMENTS\VISUAL STUDIO 2012\PROJECTS\MYNETWORKDISK\MYNETWORKDISK\DEBUG\MYTRANSFERFINISHDLG.OBJ
C:\USERS\ADMINISTRATOR\DOCUMENTS\VISUAL STUDIO 2012\PROJECTS\MYNETWORKDISK\MYNETWORKDISK\DEBUG\MYTRANSFERUPLOADDLG.OBJ
C:\USERS\ADMINISTRATOR\DOCUMENTS\VISUAL STUDIO 2012\PROJECTS\MYNETWORKDISK\MYNETWORKDISK\DEBUG\MYWANGPANDLG.OBJ
C:\USERS\ADMINISTRATOR\DOCUMENTS\VISUAL STUDIO 2012\PROJECTS\MYNETWORKDISK\MYNETWORKDISK\DEBUG\PROCESSLIST.OBJ
C:\USERS\ADMINISTRATOR\DOCUMENTS\VISUAL STUDIO 2012\PROJECTS\MYNETWORKDISK\MYNETWORKDISK\DEBUG\TCPMEDIATOR.OBJ
C:\USERS\ADMINISTRATOR\DOCUMENTS\VISUAL STUDIO 2012\PROJECTS\MYNETWORKDISK\MYNETWORKDISK\DEBUG\TCPNET.OBJ
C:\USERS\ADMINISTRATOR\DOCUMENTS\VISUAL STUDIO 2012\PROJECTS\MYNETWORKDISK\MYNETWORKDISK\DEBUG\MD5.OBJ
C:\USERS\ADMINISTRATOR\DOCUMENTS\VISUAL STUDIO 2012\PROJECTS\MYNETWORKDISK\MYNETWORKDISK\DEBUG\MYADDFRIENDREQUESTDLG.OBJ
C:\USERS\ADMINISTRATOR\DOCUMENTS\VISUAL STUDIO 2012\PROJECTS\MYNETWORKDISK\DEBUG\MYNETWORKDISK.ILK
C:\USERS\ADMINISTRATOR\DOCUMENTS\VISUAL STUDIO 2012\PROJECTS\MYNETWORKDISK\DEBUG\MYNETWORKDISK.EXE
C:\USERS\ADMINISTRATOR\DOCUMENTS\VISUAL STUDIO 2012\PROJECTS\MYNETWORKDISK\DEBUG\MYNETWORKDISK.PDB
C:\USERS\ADMINISTRATOR\DOCUMENTS\VISUAL STUDIO 2012\PROJECTS\MYNETWORKDISK\MYNETWORKDISK\DEBUG\MYNETWORKDISK.RES
C:\Users\Administrator\Documents\Visual Studio 2012\Projects\MyNetworkDisk\MyNetworkDisk\Debug\FriendList.obj
C:\Users\Administrator\Documents\Visual Studio 2012\Projects\MyNetworkDisk\MyNetworkDisk\Debug\IOFileStream.obj
C:\Users\Administrator\Documents\Visual Studio 2012\Projects\MyNetworkDisk\MyNetworkDisk\Debug\md5.obj
C:\Users\Administrator\Documents\Visual Studio 2012\Projects\MyNetworkDisk\MyNetworkDisk\Debug\MyAddFriendRequestDlg.obj
C:\Users\Administrator\Documents\Visual Studio 2012\Projects\MyNetworkDisk\MyNetworkDisk\Debug\MyChatDlg.obj
C:\Users\Administrator\Documents\Visual Studio 2012\Projects\MyNetworkDisk\MyNetworkDisk\Debug\MyFriendsDlg.obj
C:\Users\Administrator\Documents\Visual Studio 2012\Projects\MyNetworkDisk\MyNetworkDisk\Debug\MyFriendSearchDlg.obj
C:\Users\Administrator\Documents\Visual Studio 2012\Projects\MyNetworkDisk\MyNetworkDisk\Debug\MyMainDlg.obj
C:\Users\Administrator\Documents\Visual Studio 2012\Projects\MyNetworkDisk\MyNetworkDisk\Debug\MyNetworkDisk.obj
C:\Users\Administrator\Documents\Visual Studio 2012\Projects\MyNetworkDisk\MyNetworkDisk\Debug\MyNetworkDiskDlg.obj
C:\Users\Administrator\Documents\Visual Studio 2012\Projects\MyNetworkDisk\MyNetworkDisk\Debug\MyNewDirectoryDlg.obj
C:\Users\Administrator\Documents\Visual Studio 2012\Projects\MyNetworkDisk\MyNetworkDisk\Debug\MyRegisterDlg.obj
C:\Users\Administrator\Documents\Visual Studio 2012\Projects\MyNetworkDisk\MyNetworkDisk\Debug\MyTools.obj
C:\Users\Administrator\Documents\Visual Studio 2012\Projects\MyNetworkDisk\MyNetworkDisk\Debug\MyTransferDlg.obj
C:\Users\Administrator\Documents\Visual Studio 2012\Projects\MyNetworkDisk\MyNetworkDisk\Debug\MyTransferDownloadDlg.obj
C:\Users\Administrator\Documents\Visual Studio 2012\Projects\MyNetworkDisk\MyNetworkDisk\Debug\MyTransferFinishDlg.obj
C:\Users\Administrator\Documents\Visual Studio 2012\Projects\MyNetworkDisk\MyNetworkDisk\Debug\MyTransferUploadDlg.obj
C:\Users\Administrator\Documents\Visual Studio 2012\Projects\MyNetworkDisk\MyNetworkDisk\Debug\MyWangPanDlg.obj
C:\Users\Administrator\Documents\Visual Studio 2012\Projects\MyNetworkDisk\MyNetworkDisk\Debug\ProcessList.obj
C:\Users\Administrator\Documents\Visual Studio 2012\Projects\MyNetworkDisk\MyNetworkDisk\Debug\stdafx.obj
C:\Users\Administrator\Documents\Visual Studio 2012\Projects\MyNetworkDisk\MyNetworkDisk\Debug\TcpMediator.obj
C:\Users\Administrator\Documents\Visual Studio 2012\Projects\MyNetworkDisk\MyNetworkDisk\Debug\TcpNet.obj
C:\Users\Administrator\Documents\Visual Studio 2012\Projects\MyNetworkDisk\MyNetworkDisk\Debug\ThreadPool.obj
C:\Users\Administrator\Documents\Visual Studio 2012\Projects\MyNetworkDisk\MyNetworkDisk\Debug\cl.command.1.tlog
C:\Users\Administrator\Documents\Visual Studio 2012\Projects\MyNetworkDisk\MyNetworkDisk\Debug\CL.read.1.tlog
C:\Users\Administrator\Documents\Visual Studio 2012\Projects\MyNetworkDisk\MyNetworkDisk\Debug\CL.write.1.tlog
C:\Users\Administrator\Documents\Visual Studio 2012\Projects\MyNetworkDisk\MyNetworkDisk\Debug\link-cvtres.read.1.tlog
C:\Users\Administrator\Documents\Visual Studio 2012\Projects\MyNetworkDisk\MyNetworkDisk\Debug\link-cvtres.write.1.tlog
C:\Users\Administrator\Documents\Visual Studio 2012\Projects\MyNetworkDisk\MyNetworkDisk\Debug\link-mt.read.1.tlog
C:\Users\Administrator\Documents\Visual Studio 2012\Projects\MyNetworkDisk\MyNetworkDisk\Debug\link-mt.write.1.tlog
C:\Users\Administrator\Documents\Visual Studio 2012\Projects\MyNetworkDisk\MyNetworkDisk\Debug\link-rc.read.1.tlog
C:\Users\Administrator\Documents\Visual Studio 2012\Projects\MyNetworkDisk\MyNetworkDisk\Debug\link-rc.write.1.tlog
C:\Users\Administrator\Documents\Visual Studio 2012\Projects\MyNetworkDisk\MyNetworkDisk\Debug\link.7520-cvtres.read.1.tlog
C:\Users\Administrator\Documents\Visual Studio 2012\Projects\MyNetworkDisk\MyNetworkDisk\Debug\link.7520-cvtres.write.1.tlog
C:\Users\Administrator\Documents\Visual Studio 2012\Projects\MyNetworkDisk\MyNetworkDisk\Debug\link.7520-mt.read.1.tlog
C:\Users\Administrator\Documents\Visual Studio 2012\Projects\MyNetworkDisk\MyNetworkDisk\Debug\link.7520-mt.write.1.tlog
C:\Users\Administrator\Documents\Visual Studio 2012\Projects\MyNetworkDisk\MyNetworkDisk\Debug\link.7520-rc.read.1.tlog
C:\Users\Administrator\Documents\Visual Studio 2012\Projects\MyNetworkDisk\MyNetworkDisk\Debug\link.7520-rc.write.1.tlog
C:\Users\Administrator\Documents\Visual Studio 2012\Projects\MyNetworkDisk\MyNetworkDisk\Debug\link.7520.read.1.tlog
C:\Users\Administrator\Documents\Visual Studio 2012\Projects\MyNetworkDisk\MyNetworkDisk\Debug\link.7520.write.1.tlog
C:\Users\Administrator\Documents\Visual Studio 2012\Projects\MyNetworkDisk\MyNetworkDisk\Debug\link.8836-cvtres.read.1.tlog
C:\Users\Administrator\Documents\Visual Studio 2012\Projects\MyNetworkDisk\MyNetworkDisk\Debug\link.8836-cvtres.write.1.tlog
C:\Users\Administrator\Documents\Visual Studio 2012\Projects\MyNetworkDisk\MyNetworkDisk\Debug\link.8836-mt.read.1.tlog
C:\Users\Administrator\Documents\Visual Studio 2012\Projects\MyNetworkDisk\MyNetworkDisk\Debug\link.8836-mt.write.1.tlog
C:\Users\Administrator\Documents\Visual Studio 2012\Projects\MyNetworkDisk\MyNetworkDisk\Debug\link.8836-rc.read.1.tlog
C:\Users\Administrator\Documents\Visual Studio 2012\Projects\MyNetworkDisk\MyNetworkDisk\Debug\link.8836-rc.write.1.tlog
C:\Users\Administrator\Documents\Visual Studio 2012\Projects\MyNetworkDisk\MyNetworkDisk\Debug\link.8836.read.1.tlog
C:\Users\Administrator\Documents\Visual Studio 2012\Projects\MyNetworkDisk\MyNetworkDisk\Debug\link.8836.write.1.tlog
C:\Users\Administrator\Documents\Visual Studio 2012\Projects\MyNetworkDisk\MyNetworkDisk\Debug\link.9988-cvtres.read.1.tlog
C:\Users\Administrator\Documents\Visual Studio 2012\Projects\MyNetworkDisk\MyNetworkDisk\Debug\link.9988-cvtres.write.1.tlog
C:\Users\Administrator\Documents\Visual Studio 2012\Projects\MyNetworkDisk\MyNetworkDisk\Debug\link.9988-mt.read.1.tlog
C:\Users\Administrator\Documents\Visual Studio 2012\Projects\MyNetworkDisk\MyNetworkDisk\Debug\link.9988-mt.write.1.tlog
C:\Users\Administrator\Documents\Visual Studio 2012\Projects\MyNetworkDisk\MyNetworkDisk\Debug\link.9988-rc.read.1.tlog
C:\Users\Administrator\Documents\Visual Studio 2012\Projects\MyNetworkDisk\MyNetworkDisk\Debug\link.9988-rc.write.1.tlog
C:\Users\Administrator\Documents\Visual Studio 2012\Projects\MyNetworkDisk\MyNetworkDisk\Debug\link.9988.read.1.tlog
C:\Users\Administrator\Documents\Visual Studio 2012\Projects\MyNetworkDisk\MyNetworkDisk\Debug\link.9988.write.1.tlog
C:\Users\Administrator\Documents\Visual Studio 2012\Projects\MyNetworkDisk\MyNetworkDisk\Debug\link.command.1.tlog
C:\Users\Administrator\Documents\Visual Studio 2012\Projects\MyNetworkDisk\MyNetworkDisk\Debug\link.read.1.tlog
C:\Users\Administrator\Documents\Visual Studio 2012\Projects\MyNetworkDisk\MyNetworkDisk\Debug\link.write.1.tlog
C:\Users\Administrator\Documents\Visual Studio 2012\Projects\MyNetworkDisk\MyNetworkDisk\Debug\rc.command.1.tlog
C:\Users\Administrator\Documents\Visual Studio 2012\Projects\MyNetworkDisk\MyNetworkDisk\Debug\rc.read.1.tlog
C:\Users\Administrator\Documents\Visual Studio 2012\Projects\MyNetworkDisk\MyNetworkDisk\Debug\rc.write.1.tlog
C:\Users\Administrator\Documents\Visual Studio 2012\Projects\MyNetworkDisk\MyNetworkDisk\Debug\MyNetworkDisk.res
C:\Users\Administrator\Documents\Visual Studio 2012\Projects\MyNetworkDisk\MyNetworkDisk\Debug\MyNetworkDisk.pch
C:\Users\Administrator\Documents\Visual Studio 2012\Projects\MyNetworkDisk\MyNetworkDisk\Debug\vc110.idb
C:\Users\Administrator\Documents\Visual Studio 2012\Projects\MyNetworkDisk\MyNetworkDisk\Debug\vc110.pdb
C:\Users\Administrator\Documents\Visual Studio 2012\Projects\MyNetworkDisk\Debug\MyNetworkDisk.pdb
C:\Users\Administrator\Documents\Visual Studio 2012\Projects\MyNetworkDisk\Debug\MyNetworkDisk.exe
C:\Users\Administrator\Documents\Visual Studio 2012\Projects\MyNetworkDisk\Debug\MyNetworkDisk.ilk
