生成启动时间为 2019/1/18 19:52:35。
     1>项目“C:\Users\Administrator\Documents\Visual Studio 2012\Projects\MyNetworkDisk\MyNetworkDisk\MyNetworkDisk.vcxproj”在节点 2 上(Build 个目标)。
     1>ClCompile:
         C:\Program Files (x86)\Microsoft Visual Studio 11.0\VC\bin\CL.exe /c /I../MyNetworkDisk /I../threadpool /I../md5 /ZI /nologo /W3 /WX- /sdl /Od /Oy- /D WIN32 /D _WINDOWS /D _DEBUG /D _UNICODE /D UNICODE /D _AFXDLL /Gm /EHsc /RTC1 /MDd /GS /fp:precise /Zc:wchar_t /Zc:forScope /Yu"stdafx.h" /Fp"Debug\MyNetworkDisk.pch" /Fo"Debug\\" /Fd"Debug\vc110.pdb" /Gd /TP /analyze- /errorReport:prompt FriendList.cpp MyAddFriendRequestDlg.cpp MyChatDlg.cpp MyExtractFileDlg.cpp MyFriendSearchDlg.cpp MyFriendsDlg.cpp MyLockDlg.cpp MyMainDlg.cpp MyNetworkDisk.cpp MyNetworkDiskDlg.cpp MyNewDirectoryDlg.cpp MyRegisterDlg.cpp MySetDlg.cpp MyShareDlg.cpp MyShareFileDlg.cpp MyTransferDlg.cpp MyTransferDownloadDlg.cpp MyTransferFinishDlg.cpp MyTransferUploadDlg.cpp MyWangPanDlg.cpp ProcessList.cpp TcpMediator.cpp
         MyLockDlg.cpp
         正在生成代码...
         正在编译...
         TcpMediator.cpp
         ProcessList.cpp
         MyWangPanDlg.cpp
         MyTransferUploadDlg.cpp
         MyTransferFinishDlg.cpp
         MyTransferDownloadDlg.cpp
         MyTransferDlg.cpp
         MyShareFileDlg.cpp
         MyShareDlg.cpp
         MySetDlg.cpp
     1>c:\users\administrator\documents\visual studio 2012\projects\mynetworkdisk\mynetworkdisk\mysetdlg.cpp(139): warning C4244: “参数”: 从“__int64”转换到“UINT”，可能丢失数据
         MyRegisterDlg.cpp
         MyNewDirectoryDlg.cpp
         MyNetworkDiskDlg.cpp
         MyNetworkDisk.cpp
         MyMainDlg.cpp
         MyFriendsDlg.cpp
         MyFriendSearchDlg.cpp
         MyExtractFileDlg.cpp
         MyChatDlg.cpp
         MyAddFriendRequestDlg.cpp
         正在生成代码...
         正在编译...
         FriendList.cpp
         正在生成代码...
       ResourceCompile:
         C:\Program Files (x86)\Windows Kits\8.0\bin\x86\rc.exe /D _DEBUG /D _UNICODE /D UNICODE /D _AFXDLL /l"0x0804" /IDebug\ /nologo /fo"Debug\MyNetworkDisk.res" MyNetworkDisk.rc 
       Link:
         C:\Program Files (x86)\Microsoft Visual Studio 11.0\VC\bin\link.exe /ERRORREPORT:PROMPT /OUT:"C:\Users\Administrator\Documents\Visual Studio 2012\Projects\MyNetworkDisk\Debug\MyNetworkDisk.exe" /INCREMENTAL /NOLOGO /MANIFEST /MANIFESTUAC:"level='asInvoker' uiAccess='false'" /manifest:embed /manifestinput:"C:\Program Files (x86)\Microsoft Visual Studio 11.0\VC\Include\Manifest\dpiaware.manifest" /DEBUG /PDB:"C:\Users\Administrator\Documents\Visual Studio 2012\Projects\MyNetworkDisk\Debug\MyNetworkDisk.pdb" /SUBSYSTEM:WINDOWS /TLBID:1 /ENTRY:"wWinMainCRTStartup" /DYNAMICBASE /NXCOMPAT /IMPLIB:"C:\Users\Administrator\Documents\Visual Studio 2012\Projects\MyNetworkDisk\Debug\MyNetworkDisk.lib" /MACHINE:X86 Debug\MyNetworkDisk.res
         Debug\md5.obj
         Debug\ThreadPool.obj
         Debug\FriendList.obj
         Debug\IOFileStream.obj
         Debug\MyAddFriendRequestDlg.obj
         Debug\MyChatDlg.obj
         Debug\MyExtractFileDlg.obj
         Debug\MyFriendsDlg.obj
         Debug\MyFriendSearchDlg.obj
         Debug\MyLockDlg.obj
         Debug\MyMainDlg.obj
         Debug\MyNetworkDisk.obj
         Debug\MyNetworkDiskDlg.obj
         Debug\MyNewDirectoryDlg.obj
         Debug\MyRegisterDlg.obj
         Debug\MySetDlg.obj
         Debug\MyShareDlg.obj
         Debug\MyShareFileDlg.obj
         Debug\MyTools.obj
         Debug\MyTransferDlg.obj
         Debug\MyTransferDownloadDlg.obj
         Debug\MyTransferFinishDlg.obj
         Debug\MyTransferUploadDlg.obj
         Debug\MyWangPanDlg.obj
         Debug\ProcessList.obj
         Debug\stdafx.obj
         Debug\TcpMediator.obj
         Debug\TcpNet.obj
         MyNetworkDisk.vcxproj -> C:\Users\Administrator\Documents\Visual Studio 2012\Projects\MyNetworkDisk\Debug\MyNetworkDisk.exe
     1>已完成生成项目“C:\Users\Administrator\Documents\Visual Studio 2012\Projects\MyNetworkDisk\MyNetworkDisk\MyNetworkDisk.vcxproj”(Build 个目标)的操作。

生成成功。

已用时间 00:00:18.54
